<?xml version="1.0" encoding="UTF-8"?>
<testng-results total="1" passed="1" failed="0" skipped="0">
  <reporter-output>
  </reporter-output>
  <suite started-at="2024-01-20T17:19:10Z" name="test.com.GoogleSearchTest" finished-at="2024-01-20T17:19:14Z" duration-ms="4574">
    <groups>
    </groups>
    <test started-at="2024-01-20T17:19:10Z" name="Command line test" finished-at="2024-01-20T17:19:14Z" duration-ms="4574">
      <class name="test.com.GoogleSearchTest">
        <test-method is-config="true" signature="setUpClass()[pri:0, instance:test.com.GoogleSearchTest@687080dc]" started-at="2024-01-20T11:19:10Z" name="setUpClass" finished-at="2024-01-20T11:19:10Z" duration-ms="12" status="PASS">
          <reporter-output>
          </reporter-output>
        </test-method> <!-- setUpClass -->
        <test-method is-config="true" signature="setUpMethod()[pri:0, instance:test.com.GoogleSearchTest@687080dc]" started-at="2024-01-20T11:19:10Z" name="setUpMethod" finished-at="2024-01-20T11:19:12Z" duration-ms="2414" status="PASS">
          <reporter-output>
          </reporter-output>
        </test-method> <!-- setUpMethod -->
        <test-method signature="testFacebook()[pri:0, instance:test.com.GoogleSearchTest@687080dc]" started-at="2024-01-20T11:19:12Z" name="testFacebook" finished-at="2024-01-20T11:19:14Z" duration-ms="2134" status="PASS">
          <reporter-output>
          </reporter-output>
        </test-method> <!-- testFacebook -->
        <test-method is-config="true" signature="tearDownClass()[pri:0, instance:test.com.GoogleSearchTest@687080dc]" started-at="2024-01-20T11:19:14Z" name="tearDownClass" finished-at="2024-01-20T11:19:14Z" duration-ms="1" status="PASS">
          <reporter-output>
          </reporter-output>
        </test-method> <!-- tearDownClass -->
        <test-method is-config="true" signature="tearDownMethod()[pri:0, instance:test.com.GoogleSearchTest@687080dc]" started-at="2024-01-20T11:19:14Z" name="tearDownMethod" finished-at="2024-01-20T11:19:14Z" duration-ms="0" status="PASS">
          <reporter-output>
          </reporter-output>
        </test-method> <!-- tearDownMethod -->
      </class> <!-- test.com.GoogleSearchTest -->
    </test> <!-- Command line test -->
  </suite> <!-- test.com.GoogleSearchTest -->
</testng-results>
